<?xml version="1.0" encoding="UTF-8"?>
<testsuite name="kr.where.backend.groupMemberServiceTest.GroupMemberServiceTest" tests="1" skipped="0" failures="0" errors="0" timestamp="2023-11-03T06:23:57" hostname="jonhans-mac.local" time="0.481">
  <properties/>
  <testcase name="deleteGroupMemberTest" classname="kr.where.backend.groupMemberServiceTest.GroupMemberServiceTest" time="0.481"/>
  <system-out><![CDATA[15:23:52.868 [Test worker] INFO org.springframework.test.context.support.AnnotationConfigContextLoaderUtils -- Could not detect default configuration classes for test class [kr.where.backend.groupMemberServiceTest.GroupMemberServiceTest]: GroupMemberServiceTest does not declare any static, non-private, non-final, nested classes annotated with @Configuration.
15:23:52.945 [Test worker] INFO org.springframework.boot.test.context.SpringBootTestContextBootstrapper -- Found @SpringBootConfiguration kr.where.backend.BackendApplication for test class kr.where.backend.groupMemberServiceTest.GroupMemberServiceTest

  .   ____          _            __ _ _
 /\\ / ___'_ __ _ _(_)_ __  __ _ \ \ \ \
( ( )\___ | '_ | '_| | '_ \/ _` | \ \ \ \
 \\/  ___)| |_)| | | | | || (_| |  ) ) ) )
  '  |____| .__|_| |_|_| |_\__, | / / / /
 =========|_|==============|___/=/_/_/_/
 :: Spring Boot ::                (v3.1.1)

2023-11-03T15:23:53.181+09:00  INFO 36981 --- [    Test worker] k.w.b.g.GroupMemberServiceTest           : Starting GroupMemberServiceTest using Java 17.0.6 with PID 36981 (started by jongmin in /Users/jongmin/where42/where42_1101)
2023-11-03T15:23:53.182+09:00  INFO 36981 --- [    Test worker] k.w.b.g.GroupMemberServiceTest           : No active profile set, falling back to 1 default profile: "default"
2023-11-03T15:23:53.825+09:00  INFO 36981 --- [    Test worker] .s.d.r.c.RepositoryConfigurationDelegate : Bootstrapping Spring Data JPA repositories in DEFAULT mode.
2023-11-03T15:23:53.864+09:00  INFO 36981 --- [    Test worker] .s.d.r.c.RepositoryConfigurationDelegate : Finished Spring Data repository scanning in 33 ms. Found 3 JPA repository interfaces.
2023-11-03T15:23:54.061+09:00  INFO 36981 --- [    Test worker] trationDelegate$BeanPostProcessorChecker : Bean 'org.springframework.ws.config.annotation.DelegatingWsConfiguration' of type [org.springframework.ws.config.annotation.DelegatingWsConfiguration$$SpringCGLIB$$0] is not eligible for getting processed by all BeanPostProcessors (for example: not eligible for auto-proxying)
2023-11-03T15:23:54.085+09:00  INFO 36981 --- [    Test worker] .w.s.a.s.AnnotationActionEndpointMapping : Supporting [WS-Addressing August 2004, WS-Addressing 1.0]
2023-11-03T15:23:54.183+09:00  INFO 36981 --- [    Test worker] com.zaxxer.hikari.HikariDataSource       : HikariPool-1 - Starting...
2023-11-03T15:23:54.314+09:00  INFO 36981 --- [    Test worker] com.zaxxer.hikari.pool.HikariPool        : HikariPool-1 - Added connection conn0: url=jdbc:h2:mem:3ff2af5b-4499-472e-8aa2-6964c200bda1 user=SA
2023-11-03T15:23:54.315+09:00  INFO 36981 --- [    Test worker] com.zaxxer.hikari.HikariDataSource       : HikariPool-1 - Start completed.
2023-11-03T15:23:54.343+09:00  INFO 36981 --- [    Test worker] o.hibernate.jpa.internal.util.LogHelper  : HHH000204: Processing PersistenceUnitInfo [name: default]
2023-11-03T15:23:54.376+09:00  INFO 36981 --- [    Test worker] org.hibernate.Version                    : HHH000412: Hibernate ORM core version 6.2.5.Final
2023-11-03T15:23:54.378+09:00  INFO 36981 --- [    Test worker] org.hibernate.cfg.Environment            : HHH000406: Using bytecode reflection optimizer
2023-11-03T15:23:54.463+09:00  INFO 36981 --- [    Test worker] o.h.b.i.BytecodeProviderInitiator        : HHH000021: Bytecode provider name : bytebuddy
2023-11-03T15:23:54.565+09:00  INFO 36981 --- [    Test worker] o.s.o.j.p.SpringPersistenceUnitInfo      : No LoadTimeWeaver setup: ignoring JPA class transformer
2023-11-03T15:23:54.789+09:00  INFO 36981 --- [    Test worker] o.h.b.i.BytecodeProviderInitiator        : HHH000021: Bytecode provider name : bytebuddy
2023-11-03T15:23:55.288+09:00  INFO 36981 --- [    Test worker] o.h.e.t.j.p.i.JtaPlatformInitiator       : HHH000490: Using JtaPlatform implementation: [org.hibernate.engine.transaction.jta.platform.internal.NoJtaPlatform]
2023-11-03T15:23:55.321+09:00  INFO 36981 --- [    Test worker] j.LocalContainerEntityManagerFactoryBean : Initialized JPA EntityManagerFactory for persistence unit 'default'
2023-11-03T15:23:55.748+09:00  WARN 36981 --- [    Test worker] JpaBaseConfiguration$JpaWebConfiguration : spring.jpa.open-in-view is enabled by default. Therefore, database queries may be performed during view rendering. Explicitly configure spring.jpa.open-in-view to disable this warning
2023-11-03T15:23:56.803+09:00  WARN 36981 --- [    Test worker] ion$DefaultTemplateResolverConfiguration : Cannot find template location: classpath:/templates/ (please add some templates, check your Thymeleaf configuration, or set spring.thymeleaf.check-template-location=false)
2023-11-03T15:23:57.016+09:00  INFO 36981 --- [    Test worker] o.s.b.a.e.web.EndpointLinksResolver      : Exposing 1 endpoint(s) beneath base path '/actuator'
2023-11-03T15:23:57.075+09:00  INFO 36981 --- [    Test worker] k.w.b.g.GroupMemberServiceTest           : Started GroupMemberServiceTest in 4.041 seconds (process running for 4.649)
]]></system-out>
  <system-err><![CDATA[]]></system-err>
</testsuite>
